Журнал работы. Лабораторная работа 3: Межпроцессорные взаимодействия (IPC) в Linux(POSIX)
"Рудаков Александр гр 3384"

sun@aleksundr:~/lb3$ date
Ср 07 мая 2025 13:50:49 MSK
sun@aleksundr:~/lb3$ who
sun      seat0        2025-05-07 13:50 (login screen)
sun      tty2         2025-05-07 13:50 (tty2)
sun@aleksundr:~/lb3$ uname -a
Linux aleksundr 6.8.0-57-generic #59-Ubuntu SMP PREEMPT_DYNAMIC Sat Mar 15 17:40:59 UTC 2025 x86_64 x86_64 x86_64 GNU/Linux
sun@aleksundr:~/lb3$ hostnamectl
 Static hostname: aleksundr
       Icon name: computer-laptop
         Chassis: laptop 💻
      Machine ID: 257e267604b64199b8de797dd49469de
         Boot ID: dc438227b6f340e1939b4d895edbdd91
Operating System: Ubuntu 24.04.1 LTS                
          Kernel: Linux 6.8.0-55-generic
    Architecture: x86-64
 Hardware Vendor: Micro-Star International Co., Ltd.
  Hardware Model: GF63 Thin 11UC
Firmware Version: E16R6IMS.10B
   Firmware Date: Thu 2021-12-30
    Firmware Age: 3y 2month 2w 6d                   
sun@aleksundr:~/lb2$ lscpu
Архитектура:              x86_64
  CPU op-mode(s):         32-bit, 64-bit
  Address sizes:          39 bits physical, 48 bits virtual
  Порядок байт:           Little Endian
CPU(s):                   12
  On-line CPU(s) list:    0-11
ID прроизводителя:        GenuineIntel
  Имя модели:             11th Gen Intel(R) Core(TM) i5-11400H @ 2.70GHz
    Семейство ЦПУ:        6
    Модель:               141
    Потоков на ядро:      2
    Ядер на сокет:        6
    Сокетов:              1
    Степпинг:             1
    CPU(s) scaling MHz:   18%
    CPU max MHz:          4500,0000
    CPU min MHz:          800,0000
    BogoMIPS:             5376,00
    Флаги:                fpu vme de pse tsc msr pae mce cx8 apic sep mtrr pge m
                          ca cmov pat pse36 clflush dts acpi mmx fxsr sse sse2 s
                          s ht tm pbe syscall nx pdpe1gb rdtscp lm constant_tsc 
                          art arch_perfmon pebs bts rep_good nopl xtopology nons
                          top_tsc cpuid aperfmperf tsc_known_freq pni pclmulqdq 
                          dtes64 monitor ds_cpl vmx est tm2 ssse3 sdbg fma cx16 
                          xtpr pdcm pcid sse4_1 sse4_2 x2apic movbe popcnt tsc_d
                          eadline_timer aes xsave avx f16c rdrand lahf_lm abm 3d
                          nowprefetch cpuid_fault epb cat_l2 cdp_l2 ssbd ibrs ib
                          pb stibp ibrs_enhanced tpr_shadow flexpriority ept vpi
                          d ept_ad fsgsbase tsc_adjust bmi1 avx2 smep bmi2 erms 
                          invpcid rdt_a avx512f avx512dq rdseed adx smap avx512i
                          fma clflushopt clwb intel_pt avx512cd sha_ni avx512bw 
                          avx512vl xsaveopt xsavec xgetbv1 xsaves split_lock_det
                          ect user_shstk dtherm ida arat pln pts hwp hwp_notify 
                          hwp_act_window hwp_epp hwp_pkg_req vnmi avx512vbmi umi
                          p pku ospke avx512_vbmi2 gfni vaes vpclmulqdq avx512_v
                          nni avx512_bitalg avx512_vpopcntdq rdpid movdiri movdi
                          r64b fsrm avx512_vp2intersect md_clear ibt flush_l1d a
                          rch_capabilities
Virtualization features:  
  Виртуализация:          VT-x
Caches (sum of all):      
  L1d:                    288 KiB (6 instances)
  L1i:                    192 KiB (6 instances)
  L2:                     7,5 MiB (6 instances)
  L3:                     12 MiB (1 instance)
NUMA:                     
  NUMA node(s):           1
  NUMA node0 CPU(s):      0-11
Vulnerabilities:          
  Gather data sampling:   Mitigation; Microcode
  Itlb multihit:          Not affected
  L1tf:                   Not affected
  Mds:                    Not affected
  Meltdown:               Not affected
  Mmio stale data:        Not affected
  Reg file data sampling: Not affected
  Retbleed:               Not affected
  Spec rstack overflow:   Not affected
  Spec store bypass:      Mitigation; Speculative Store Bypass disabled via prct
                          l
  Spectre v1:             Mitigation; usercopy/swapgs barriers and __user pointe
                          r sanitization
  Spectre v2:             Mitigation; Enhanced / Automatic IBRS; IBPB conditiona
                          l; RSB filling; PBRSB-eIBRS SW sequence; BHI SW loop, 
                          KVM SW loop
  Srbds:                  Not affected
  Tsx async abort:        Not affected


Задание 1.
1.1
sun@aleksundr:~/lb3$ date
Ср 07 мая 2025 13:52:09 MSK

#Программа task1_1 создает 2 потока.
#Поток 1 управляет потоком 2, отправляя ему сигналы
#SIGUSR1 — сообщение, SIGTERM  — завершение.
#Поток 2 обрабатывает сигналы и выводит текущее состояние статус
#Выводится время выполнения операций.

sun@aleksundr:~/lb3/task1$ gcc task1_1.c -o task1_1
sun@aleksundr:~/lb3/task1$ ./task1_1
The second thread is running.
Second thread is running...
Second thread is running...
First thread: sending SIGUSR1 (time: 2.00 s)
Second thread: SIGUSR1 signal received, continue working.
Second thread is running...
Second thread is running...
Second thread is running...
First thread: sending SIGTERM (time: 5.00 s)
Second thread: SIGTERM received, ending...
The second thread is completed.
The second thread has been deleted. Working time: 5.00 s.
The first thread is completed.
The program is completed.

1.2
sun@aleksundr:~/lb3$ date
Ср 07 мая 2025 14:22:56 MSK

#Программа task1_2 создает 2 потока:
#Поток 1 управляет потоком 2, отправляя ему сигналы
#Поток 2 запускает бесконечный цикл с выводом
#Через 3 секунды поток 1 отправляет SIGUSR1, а через 5 сек поток 1 отправляет SIGTERM
#Обработчик SIGTERM принудительно завершает поток (pthread_exit)

sun@aleksundr:~/lb3/task1$ gcc task1_2.c -o task1_2
sun@aleksundr:~/lb3/task1$ ./task1_2
Second thread: Running.
Second thread: Running...
Second thread: Running...
First thread: Sending SIGUSR1 -> (time: 2.00 s)
Second thread: SIGUSR1 signal received! Work continues...
Second thread: Running...
Second thread: Running...
Second thread: Running...
First thread: Sending SIGTERM -> (time: 5.00 s)

The second thread of the SIGTERM handler is running!
Shutting down the second thread

First thread: The second thread is deleted. Working time: 5.00 s.
The first thread: Ending...
the program is completed.

#В программе для задания 1.1 нить завершалась через флаг в цикле,
#В программе для задания 1.2 завершение нити происходит после вызова pthread_exit()

Задание 3
3.1
sun@aleksundr:~/lb3$ date
Ср 07 мая 2025 14:47:15 MSK

#Программа task3_1 демонстрирует работу с сигналами SIGUSR1 и SIGUSR2, включая блокировку и обработку сигналов
#Устанавливается обработчик для пользовательских сигналов SIGUSR1 и SIGUSR2
#Для настройки обработчиков используется sigaction()
#Для блокировки сигналов используется sigprocmask()

sun@aleksundr:~/lb3$ date
Ср 07 мая 2025 14:45:41 MSK
sun@aleksundr:~/lb3/task3$ gcc task3_1.c -o task3_1
sun@aleksundr:~/lb3/task3$ ./task3_1 &
[1] 9195
sun@aleksundr:~/lb3/task3$ SIGUSR1 is blocked. Send SIGUSR1 to unblock.

sun@aleksundr:~/lb3/task3$ kill -SIGUSR1 9195
sun@aleksundr:~/lb3/task3$ kill -SIGUSR2 9195
Caught SIGUSR2
sun@aleksundr:~/lb3/task3$ jobs
[1]+  Running                 ./task3_1 &
sun@aleksundr:~/lb3/task3$ kill %1
sun@aleksundr:~/lb3/task3$ pkill %1
[1]+  Terminated              ./task3_1


#При отправке SIGUSR1 сигнал не обрабатывается, так как он заблокирован - сообщения "Caught SIGUSR1" не появляется.
#При отправке SIGUSR2 сигнал успешно обрабатывается и выводится сообщение "Caught SIGUSR2", так как этот сигнал не был заблокирован




Задание 5
5.1
sun@aleksundr:~/lb3$ date
Ср 07 мая 2025 15:03:48 MSK

#Программа task5_1_reader представляет сервер-читатель для задания 5.1
#Принимает и выводит сообщения от клиента через разделяемую память
#Использует 2 семафора – ожидает semaphore[0] для чтения, освобождает semaphore[1] после обработки
#Создает/удаляет разделяемую память (shmget shmctl)
#Управляет семафорами (semget, semop).
#При SIGINT освобождает ресурсы (память, семафоры).

#Программа task5_1_writer представляет клиент-писатель для задания 5.1
#Отправляет сообщения серверу через разделяемую память.
#Ожидает semaphore[1] для записи, освобождает semaphore[0] после отправки.
#Подключается к существующим ресурсам (память, семафоры).

sun@aleksundr:~/lb3/task5/task5_1$ gcc task5_1_reader.c -o ./task5_1_reader && ./task5_1_reader test
The server is running
The key file is being used: test
The IPC key was successfully received: 1359176706
Shared memory has been created successfully, ID: 819248
Successfully connected to shared memory at: 0x7d7bc82c7000
The semaphore was created successfully, ID: 1
The signal handler is configured
The server is ready to receive messages

Waiting for a message from the client...
A new message has been received from the client: first_message
Ready to receive the next message

Waiting for a message from the client...
A new message has been received from the client: second_message
Ready to receive the next message

Waiting for a message from the client...
A new message has been received from the client: third_message
Ready to receive the next message

Waiting for a message from the client...
A new message has been received from the client: fourth_message
Ready to receive the next message

Waiting for a message from the client...
^C
An interrupt signal has been received(SIGINT)
I'm starting to clean up the resources...
Shared memory has been successfully disabled
Shared memory has been successfully deleted
Semaphore successfully deleted
Shutting down the server

#В это время в других терминалах
sun@aleksundr:~/lb3/task5/task5_1$ gcc task5_1_writer.c -o ./task5_1_writer && ./task5_1_writer test
The client is running
The key file is being used: test
The IPC key was successfully received: 1359176706
Successful connection to shared memory, ID: 819248
The shared memory has been successfully attached to: 0x7d07ec378000
Successful connection to the semaphore, ID: 1

The client is ready to send messages to the server
To complete the work, enter an empty line

Enter a message for the server: first_message	
Sending a message to the server...
The message has been sent successfully!

Enter a message for the server: third_message
Sending a message to the server...
The message has been sent successfully!

Enter a message for the server: ^C

sun@aleksundr:~/lb3/task5/task5_1$ gcc task5_1_writer.c -o ./task5_1_writer && ./task5_1_writer test
The client is running
The key file is being used: test
The IPC key was successfully received: 1359176706
Successful connection to shared memory, ID: 819248
The shared memory has been successfully attached to: 0x7d213d289000
Successful connection to the semaphore, ID: 1

The client is ready to send messages to the server
To complete the work, enter an empty line

Enter a message for the server: second_message
Sending a message to the server...
The message has been sent successfully!

Enter a message for the server: fourth_message
Sending a message to the server...
The message has been sent successfully!

Enter a message for the server: ^C


#Программа использует разделяемую память, чтобы один процесс мог записывать данные, а другой — считывать.
#Использование семафоров позволяет синхронизировать доступ к разделяемой памяти.



5.2
sun@aleksundr:~/lb3$ date
Ср 07 мая 2025 15:59:36 MSK

#Программа task5_2_reader_posix представляет сервер-читатель для задания 5.2
#Принимает сообщения от клиента через разделяемую память
#Использует именованные семафоры (sem_read и sem_write) для синхронизации
#Выводит полученные сообщения и удаляет ресурсы (память, семафоры) при получении SIGINT

#Программа task5_2_writer_posix представляет клиента-писателя для задания 5.2
#Отправляет сообщения серверу через разделяемую память
#Синхронизируется через именованные семафоры (/sem_write для записи)
#Завершается по пустой строке, освобождая ресурсы

sun@aleksundr:~/lb3/task5/task5_2$ gcc task5_2_reader_posix.c -o task5_2_reader_posix && ./task5_2_reader_posix test
The server is running 
The key file is being used: test
Generating an IPC key...
The IPC key has been successfully generated: 1359176706
Creating shared memory...
Shared memory has been created, ID: 884750
Connecting to shared memory...
Successfully connected to shared memory
Initializing semaphores...
Writing semaphore
Reading semaphore
Installing the SIGINT signal handler...

The server is ready to receive messages. Waiting for the client...
Waiting for a message from the client...
A new message has been received: first_message
Ready to receive the next message

Waiting for a message from the client...
A new message has been received: second_message
Ready to receive the next message

Waiting for a message from the client...
A new message has been received: third_message
Ready to receive the next message

Waiting for a message from the client...
A new message has been received: fourth_message
Ready to receive the next message

Waiting for a message from the client...
^C
An interrupt signal has been received (SIGINT)
I'm starting resource cleanup....
Detaching shared memory...
Deleting shared memory...
Closing semaphores...
Deleting named semaphores...
The server is shutting down.

#В это время в других терминалах
sun@aleksundr:~/lb3/task5/task5_2$ gcc task5_2_writer_posix.c -o task5_2_writer_posix && ./task5_2_writer_posix test
Enter a message for the server. An empty line to exit
first_message
Enter a message for the server. An empty line to exit
third_message
Enter a message for the server. An empty line to exit
^C	
sun@aleksundr:~/lb3/task5/task5_2$ gcc task5_2_writer_posix.c -o task5_2_writer_posix && ./task5_2_writer_posix test
Enter a message for the server. An empty line to exit
second_message
Enter a message for the server. An empty line to exit
fourth_message
Enter a message for the server. An empty line to exit
^C

#В этом варианте мы оставляем разделяемую память без изменений,
#Cинхронизацию реализуем с помощью именованных семафоров.


5.3
sun@aleksundr:~/lb3$ date
Ср 07 мая 2025 16:37:57 MSK

#Программа task5_3 создает один процесс, в котором создаются два потока.
#Поток writer принимает ввод с клавиатуры, записывает сообщение в общий буфер и сигнализирует потоку (reader)
#Поток reader ожидает появления сообщения, выводит его и сигнализирует, что буфер снова свободен.

sun@aleksundr:~/lb3/task5/task5_3$ gcc task5_3.c -o task5_3 && ./task5_3
Enter a message: first_message
Enter a message: The message has been read: first_message
second_message
Enter a message: The message has been read: second_message
third_message
Enter a message: The message has been read: third_message
fourth_message
Enter a message: The message has been read: fourth_message

#Программа с потоками использует синхронизацию с помощью мьютексов и условных переменных
#Тот же функционал, что и в предыдущих двух заданиях, только без межпроцессорного взаимодецствия

Задание 6
6.1
sun@aleksundr:~/lb3$ date
Ср 07 мая 2025 16:01:01 MSK
sun@aleksundr:~$ ls -l | grep ".txt"
-rw-rw-r--  1 sun sun       0 Feb 19 17:47 test_link.txt
lrwxrwxrwx  1 sun sun       5 Feb 19 17:48 new_link -> test_link.txt
-rwxrwxr-x  5 sun sun       0 Feb 19 16:45 new.txt
-rw-rw-r--  1 sun sun   17754 Mar  8 15:10 output.txt
-rw-r--r--  1 root     root     1344102 Feb 22 16:29 results_txt.txt
-rw-rw-r--  1 sun sun       0 Feb 22 15:22 result.txt
sun@aleksundr:~$ cd /proc/sys/fs/
sun@aleksundr:/proc/sys/fs$ ls
aio-max-nr    dir-notify-enable  file-nr      lease-break-time  nr_open        pipe-user-pages-hard  protected_regular   verity
aio-nr        epoll              inode-nr     leases-enable     overflowgid    pipe-user-pages-soft  protected_symlinks
binfmt_misc   fanotify           inode-state  mount-max         overflowuid    protected_fifos       quota
dentry-state  file-max           inotify      mqueue            pipe-max-size  protected_hardlinks   suid_dumpable
sun@aleksundr:/proc/sys/fs$ cat pipe-max-size
1048576

#Программа task6_1_pipe демонстрирует взаимодействия между родительским и дочерним процессом через pipe.
#Родительский процесс читает данные из файла input.txt и передает их дочернему через pipe.
#Дочерний процесс получает данные и записывает их в файл output.txt.

sun@aleksundr:~/lb3/task6/task6_1$ gcc task6_1_pipe.c -o task6_1_pipe.c 
sun@aleksundr:~/lb3/task6/task6_1$ vim input.txt
sun@aleksundr:~/lb3/task6/task6_1$
./task6_1_pipe 
The parent process reads the information: first_message
second_message

The parent process sends information to the child
The child process received the message first_message
second_message

The child process wrote the received message to a file

#Видно, что pipe корректно считал и передал многострочное сообщение за один раз


6.2
sun@aleksundr:~/lb3/task6/task6_2$ mkfifo fifo_test
sun@aleksundr:~/lb3/task6/task6_2$ ls -l fifo_test
prw-rw-r-- 1 sun sun 0 May  7 16:32 fifo_test

#в одном терминале:
sun@aleksundr:~/lb3/task6/task6_2$ echo "first_message" > my_fifo

#В другом:
sun@aleksundr:~/lb3/task6/task6_2$ cat < my_fifo
first_message

#task6_2_receiver - программа-получатель
#Принимает сообщения из FIFO и выводит их
#Выводит метаданные FIFO
#Автоматически удаляет FIFO после прочтения

#task6_2_sender программа-отправитель:
#Создает и отправляет сообщения через FIFO
#Отправляет 5 сообщений, каждое дважды с интервалом 1 секунда.
#После отправки сообщений канал закрывается

#В одном терминале
sun@aleksundr:~/lb3/task6/task6_2$ gcc task6_2_sender.c -o task6_2_sender && ./task6_2_sender
FIFO '/tmp/my_fifo' successfully created.
Sender: we send 5 messages
Send: "Message 0"
Send: "Message 1"
Send: "Message 2"
Send: "Message 3"
Send: "Message 4"
Sender: completed sending messages.

#В другом терминале
sun@aleksundr:~/lb3/task6/task6_2$ stat /tmp/my_fifo
File: /tmp/my_fifo
Size: 0 Blocks: 0 In/Out Block: 4096 queue file
Device: 8/20: 523392 References: 1
Access: (0644/rw-r--r--) Uid: ( 1000/sun) Grid: (1000/sun)
Access:        2025-05-07 16:50:25.745654279 +0300
Modified: 2025-05-07 16:50:25.745654279 +0300
Changed:       2025-05-07 16:50:25.745654279 +0300
Generated:        2025-05-07 16:50:25.745654279 +0300
sun@aleksundr:~/lb3/task6$ ls -l /tmp/my_fifo
prw-r--r-- 1 sun sun 0 мая  7 16:50 /tmp/my_fifo

sun@aleksundr:~/lb3/task6/task6_2$ gcc task6_2_receiver.c -o task6_2_receiver && ./task6_2_receiver
Info FIFO '/tmp/my_fifo':
File type: FIFO
Access rights: 644
Size: 0 байт
UID: 1000, GID: 1000
Last changes: Thu May  8 13:20:25 2025
Recipient: We are awaiting receipt of messages...

Received: "Message 0"
Received: "Message 1"
Received: "Message 2"
Received: "Message 3"
Received: "Message 4"

FIFO '/tmp/my_fifo' deleted.

#Получатель начинает работу только после запуска отправителя 
#FIFO существует в файловой системе (/tmp/my_fifo), поэтому процессы могут общаться, даже если они не являются родственными
#FIFO сохраняется до явного удаления, а pipe уничтожается при завершении процесса.
#Все сообщения переданы поочередно без потерь

6.3 
sun@aleksundr:~/lb3$ date
Ср 07 мая 2025 16:55:07 MSK

#task6_3_server - программа-сервер для задания 6.3
#Принимает сообщения из очереди и выводит их
#Открывает очередь в режиме O_RDONLY, выводит атрибуты очереди (mq_maxmsg, mq_curmsgs)
#Может запуститься в любое время (позже чем отправитель) и прочитать все накопленные сообщения

#task6_3_client - программа-клиент для задания 6.3
#Создает очередь с атрибутами mq_maxmsg=5, mq_msgsize=1024, отправляет 5 сообщений
#Не требует синхронизации с получателем - сервером (работает как «почтовый ящик»).

sun@aleksundr:~/lb3/task6/task6_3$ gcc task6_3_server.c -o task6_3_server && ./task6_3_server
Recipient: Queue attributes: maxmsg = 5, msgsize = 1024, curmsgs = 3
Recipient: We are awaiting receipt of messages...

Received: "Message 0"
Received: "Message 1"
Received: "Message 2"
Received: "Message 3"
Received: "Message 4"


#В другом терминале
sun@aleksundr:~/lb3/task6/task6_3$ gcc task6_3_client.c -o task6_3_client && ./task6_3_client
Sender: sending 5 messages
Sent: "Message 0"
Sent: "Message 1"
Sent: "Message 2"
Sent: "Message 3"
Sent: "Message 4"

#Очереди сообщений позволяют организовать «почтовый ящик»:
#Отправитель помещает сообщение в очередь
#Получатель забирает сообщение, когда готов, без синхронизации между ними.


sun@aleksundr:~/lb3/task6/task6_3$ sysctl fs.pipe-max-size
fs.pipe-max-size = 1048576
sun@aleksundr:~/lb3/task6/task6_3$ sysctl kernel.msgmax
kernel.msgmax = 8192

sun@aleksundr:~$ cat /proc/sys/kernel/msgmax
8192
sun@aleksundr:~$ cat /proc/sys/kernel/msgmnb
16384
sun@aleksundr:~$ cat /proc/sys/kernel/msgmni
32000



Задание 7
sun@aleksundr:~/lb3$ ipcs -l

------ Messages Limits --------
max queues system wide = 32000
max size of message (bytes) = 8192
default max size of queue (bytes) = 16384

------ Shared Memory Limits --------
max number of segments = 4096
max seg size (kbytes) = 18014398509465599
max total shared memory (kbytes) = 18446744073709551612
min seg size (bytes) = 1

------ Semaphore Limits --------
max number of arrays = 32000
max semaphores per array = 32000
max semaphores system wide = 1024000000
max ops per semop call = 500
semaphore max value = 32767


7.1
sun@aleksundr:~/lb3$ date
Ср 07 мая 2025 17:46:13 MSK

#task7_1_server - программа-сервер для обработки клиентских подключений по TCP
#Принимает сообщения и отправляет их обратно
#Отслеживает подключения/отключения клиентов

#task7_1_client - программа-клиент для взаимодействия с TCP-сервером
#Отправляет введенные сообщения серверу
#Получает и выводит ответ

sun@aleksundr:~/lb3/task7/task7_1$ gcc task7_1_server.c -o task7_1_server && ./task7_1_server
The server is running. Waiting for connections...
A new client has been connected
Received from the client: first_message

A new client has been connected
Received from the client: second_message

Received from the client: third_message

Received from the client: fourth_message

The client has disconnected
The client has disconnected
^C

#В другом терминале
sun@aleksundr:~/lb3/task7/task7_1$ gcc task7_1_client.c -o task7_1_client && ./task7_1_client
Enter a message for the server: first_message
A message has been sent to the server first_message
A response was received from the server: first_message

Enter a message for the server: third_message
A message has been sent to the server third_message
A response was received from the server: third_message

Enter a message for the server: ^C

#В другом терминале
sun@aleksundr:~/lb3/task7/task7_1$ gcc task7_1_client.c -o task7_1_client && ./task7_1_client
Enter a message for the server: second_message
A message has been sent to the server second_message
A response was received from the server: second_message

Enter a message for the server: fourth_message
A message has been sent to the server fourth_message
A response was received from the server: fourth_message

Enter a message for the server: ^C

#Cервер корректно обрабатывает несколько клиентов одновременно
#Каждое сообщение клиента возвращается без изменений, что подтверждает работу send/recv
#Клиент ждёт ответа сервера перед новым вводом
#При Ctrl+C сервер фиксирует разрыв соединения 

7.2
sun@aleksundr:~/lb3$ date
Ср 07 мая 2025 18:35:02 MSK

#task7_2_udp_server - программа-сервер для демонстрации взаимодействия на основе UDP
#task7_2_udp_client программа-клиент для демонстрации взаимодействия на основе UDP

sun@aleksundr:~/lb3/task7/task7_2$ gcc task7_2_udp_server.c -o task7_2_udp_server && ./task7_2_udp_server
The server is running. Waiting for messages from clients...
Received from the client 127.0.0.1:50140: first_message

Received from the client 127.0.0.1:53372: second_message

Received from the client 127.0.0.1:50140: third_message

Received from the client 127.0.0.1:53372: fourth_message


#В другом терминале
sun@aleksundr:~/lb3/task7/task7_2$ gcc task7_2_udp_client.c -o task7_2_udp_client && ./task7_2_udp_client
Enter a message for the server: first_message
A message has been sent to the server: first_message
A response was received from the server: first_message

Enter a message for the server: third_message
A message has been sent to the server: third_message
A response was received from the server: third_message

Enter a message for the server: ^C

#В другом терминале
sun@aleksundr:~/lb3/task7/task7_2$ gcc task7_2_udp_client.c -o task7_2_udp_client && ./task7_2_udp_client
Enter a message for the server: second_message
A message has been sent to the server: second_message
A response was received from the server: second_message

Enter a message for the server: fourth_message
A message has been sent to the server: fourth_message
A response was received from the server: fourth_message

Enter a message for the server: ^C

#В отличие от TCP, UDP не устанавливает соединение. Каждое сообщение (sendto/recvfrom) обрабатывается независимо.
#Сервер принимает сообщения от разных клиентов
#Сервер корректно возвращает клиентам их же сообщения, что подтверждает двустороннюю связь
